<?xml version="1.0" encoding="UTF-8"?>
<testng-results ignored="0" total="1" passed="1" failed="0" skipped="0">
  <reporter-output>
  </reporter-output>
  <suite started-at="2024-05-25T12:03:45 EDT" name="Default suite" finished-at="2024-05-25T12:03:52 EDT" duration-ms="7560">
    <groups>
    </groups>
    <test started-at="2024-05-25T12:03:45 EDT" name="Default test" finished-at="2024-05-25T12:03:52 EDT" duration-ms="7560">
      <class name="com.ebrahim.hossain.OpenUrl">
        <test-method is-config="true" signature="startBrowser()[pri:0, instance:com.ebrahim.hossain.OpenUrl@742ff096]" started-at="2024-05-25T12:03:44 EDT" name="startBrowser" finished-at="2024-05-25T12:03:45 EDT" duration-ms="1281" status="PASS">
          <reporter-output>
          </reporter-output>
        </test-method> <!-- startBrowser -->
        <test-method signature="open()[pri:0, instance:com.ebrahim.hossain.OpenUrl@742ff096]" started-at="2024-05-25T12:03:45 EDT" name="open" finished-at="2024-05-25T12:03:52 EDT" duration-ms="7524" status="PASS">
          <reporter-output>
          </reporter-output>
        </test-method> <!-- open -->
        <test-method is-config="true" signature="closeBrowser()[pri:0, instance:com.ebrahim.hossain.OpenUrl@742ff096]" started-at="2024-05-25T12:03:52 EDT" name="closeBrowser" finished-at="2024-05-25T12:03:53 EDT" duration-ms="168" status="PASS">
          <reporter-output>
          </reporter-output>
        </test-method> <!-- closeBrowser -->
      </class> <!-- com.ebrahim.hossain.OpenUrl -->
    </test> <!-- Default test -->
  </suite> <!-- Default suite -->
</testng-results>
